              List of relations
 Schema |        Name        | Type  | Owner  
--------+--------------------+-------+--------
 public | customers          | table | sqlite
 public | orders             | table | sqlite
 public | pg_am              | view  | sqlite
 public | pg_attrdef         | table | sqlite
 public | pg_attribute       | view  | sqlite
 public | pg_class           | view  | sqlite
 public | pg_constraint      | table | sqlite
 public | pg_index           | table | sqlite
 public | pg_namespace       | view  | sqlite
 public | pg_type            | view  | sqlite
 public | products           | table | sqlite
 public | test_arrays        | table | sqlite
 public | test_basic_types   | table | sqlite
 public | test_enum_complex  | table | sqlite
 public | test_enums         | table | sqlite
 public | test_numeric_types | table | sqlite
 public | test_special_types | table | sqlite
(17 rows)

              List of relations
 Schema |        Name        | Type  | Owner  
--------+--------------------+-------+--------
 public | customers          | table | sqlite
 public | meta_test_products | table | sqlite
 public | meta_test_users    | table | sqlite
 public | orders             | table | sqlite
 public | pg_attrdef         | table | sqlite
 public | pg_constraint      | table | sqlite
 public | pg_index           | table | sqlite
 public | products           | table | sqlite
 public | test_arrays        | table | sqlite
 public | test_basic_types   | table | sqlite
 public | test_enum_complex  | table | sqlite
 public | test_enums         | table | sqlite
 public | test_numeric_types | table | sqlite
 public | test_special_types | table | sqlite
(14 rows)

                        List of relations
 Schema |             Name              | Type  | Owner  | Table 
--------+-------------------------------+-------+--------+-------
 public | idx_customers_email           | index | sqlite | 
 public | idx_datetime_cache_table      | index | sqlite | 
 public | idx_enum_values_label         | index | sqlite | 
 public | idx_enum_values_type          | index | sqlite | 
 public | idx_numeric_constraints_table | index | sqlite | 
 public | idx_orders_customer           | index | sqlite | 
 public | idx_orders_date               | index | sqlite | 
 public | idx_orders_product            | index | sqlite | 
 public | idx_string_constraints_table  | index | sqlite | 
(9 rows)

            List of relations
 Schema |      Name       | Type | Owner  
--------+-----------------+------+--------
 public | active_products | view | sqlite
 public | pg_am           | view | sqlite
 public | pg_attribute    | view | sqlite
 public | pg_class        | view | sqlite
 public | pg_namespace    | view | sqlite
 public | pg_type         | view | sqlite
(6 rows)

